
Starting Nmap 6.47 ( http://nmap.org ) at 2017-01-28 00:45 ART
Nmap scan report for 192.168.0.1
Host is up (0.014s latency).
Not shown: 997 closed ports
PORT   STATE    SERVICE
22/tcp filtered ssh
23/tcp filtered telnet
80/tcp filtered http
MAC Address: E4:83:99:5F:A1:69 (Arris Group)

Nmap scan report for 192.168.0.2
Host is up (0.20s latency).
All 1000 scanned ports on 192.168.0.2 are closed
MAC Address: 84:10:0D:80:84:D6 (Unknown)

Nmap scan report for 192.168.0.9
Host is up (0.099s latency).
Not shown: 988 closed ports
PORT      STATE SERVICE
135/tcp   open  msrpc
139/tcp   open  netbios-ssn
445/tcp   open  microsoft-ds
2701/tcp  open  sms-rcinfo
3389/tcp  open  ms-wbt-server
8081/tcp  open  blackice-icecap
49152/tcp open  unknown
49153/tcp open  unknown
49154/tcp open  unknown
49155/tcp open  unknown
49156/tcp open  unknown
49160/tcp open  unknown
MAC Address: 94:65:9C:A0:8E:67 (Unknown)

Nmap scan report for 192.168.0.4
Host is up (0.00030s latency).
Not shown: 996 closed ports
PORT    STATE SERVICE
21/tcp  open  ftp
22/tcp  open  ssh
139/tcp open  netbios-ssn
445/tcp open  microsoft-ds

Nmap done: 256 IP addresses (4 hosts up) scanned in 1612.71 seconds
